<?xml version="1.0" encoding="UTF-8"?>
<!-- Generated by org.testng.reporters.JUnitReportReporter -->
<testsuite hostname="Anands-MacBook-Pro-2.local" failures="0" tests="1" name="Test.PFMTest" time="5.044" errors="0" timestamp="2024-10-01T08:31:59 BST" skipped="0">
  <testcase classname="Test.PFMTest" name="placeOrder" time="5.044"/>
</testsuite> <!-- Test.PFMTest -->
